{"level":"info","time":"2023-01-02T23:52:24.932-0300","caller":"cobra@v1.1.1/command.go:854","msg":"LambdaTest Tunnel version: 3.1.25"}
{"level":"debug","time":"2023-01-02T23:52:24.952-0300","caller":"cmd/lt.go:211","msg":"Starting pipeline....."}
{"level":"debug","time":"2023-01-02T23:52:24.952-0300","caller":"cmd/lt.go:211","msg":"OS: windows, Arch: amd64"}
{"level":"debug","time":"2023-01-02T23:52:24.952-0300","caller":"cmd/lt.go:211","msg":"Fetching config"}
{"level":"debug","time":"2023-01-02T23:52:24.952-0300","caller":"runtime/asm_amd64.s:1594","msg":"Starting tunnel With flags: --user lewizmenon --key ***** --controller npm --infoAPIPort 63392 --tunnelName DESKTOP-95VB95K63392 --logFile DESKTOP-95VB95K63392.log --port 63393"}
{"level":"debug","time":"2023-01-02T23:52:25.419-0300","caller":"cmd/lt.go:211","msg":"Remote config fetched"}
{"level":"debug","time":"2023-01-02T23:52:25.547-0300","caller":"core/lifecycle.go:152","msg":"Starting API server"}
{"level":"debug","time":"2023-01-02T23:52:25.547-0300","caller":"runtime/asm_amd64.s:1594","msg":"Trying on port 22"}
{"level":"debug","time":"2023-01-02T23:52:25.547-0300","caller":"apiserver/setup.go:173","msg":"Starting API server for tunnel info on port: 63392"}
{"level":"debug","time":"2023-01-02T23:52:25.547-0300","caller":"core/lifecycle.go:138","msg":"Starting sink proxy"}
{"level":"debug","time":"2023-01-02T23:52:25.547-0300","caller":"runtime/asm_amd64.s:1594","msg":"Trying on port 443"}
{"level":"debug","time":"2023-01-02T23:52:25.547-0300","caller":"runtime/asm_amd64.s:1594","msg":"Trying over ssh over ws"}
{"level":"info","time":"2023-01-02T23:52:25.604-0300","caller":"custom/setup.go:749","msg":"Tunnel binary started on port :63393"}
{"level":"debug","time":"2023-01-02T23:52:25.988-0300","caller":"runtime/asm_amd64.s:1594","msg":"WSS connection was successful"}
{"level":"debug","time":"2023-01-02T23:52:27.090-0300","caller":"runtime/asm_amd64.s:1594","msg":"SSH connection over port 443 successful"}
{"level":"debug","time":"2023-01-02T23:52:27.320-0300","caller":"runtime/asm_amd64.s:1594","msg":"SSH connection over ws successful"}
{"level":"debug","time":"2023-01-02T23:52:27.371-0300","caller":"runtime/asm_amd64.s:1594","msg":"SSH connection over port 22 successful"}
{"level":"info","time":"2023-01-02T23:52:27.371-0300","caller":"core/lifecycle.go:115","msg":"Using ssh(over_22) :: connection mode"}
{"level":"info","time":"2023-01-02T23:52:27.371-0300","caller":"cmd/lt.go:211","msg":"Launching tunnel"}
{"level":"debug","time":"2023-01-02T23:52:27.371-0300","caller":"core/lifecycle.go:233","msg":"Starting control ws connection at wss://ts.lambdatest.com/monitor"}
{"level":"debug","time":"2023-01-02T23:52:30.433-0300","caller":"core/lifecycle.go:233","msg":"Control ws channel opened"}
{"level":"debug","time":"2023-01-02T23:52:30.433-0300","caller":"runtime/asm_amd64.s:1594","msg":"Starting message listener on control connection"}
{"level":"debug","time":"2023-01-02T23:52:30.442-0300","caller":"runtime/asm_amd64.s:1594","msg":"Sending tunnel registered message to channels"}
{"level":"debug","time":"2023-01-02T23:52:30.442-0300","caller":"core/lifecycle.go:283","msg":"Using 5 ssh connection"}
{"level":"debug","time":"2023-01-02T23:52:30.442-0300","caller":"runtime/asm_amd64.s:1594","msg":"Tunnel registered message received on control channel"}
{"level":"debug","time":"2023-01-02T23:52:30.442-0300","caller":"runtime/asm_amd64.s:1594","msg":"controller bus registered"}
{"level":"debug","time":"2023-01-02T23:52:32.260-0300","caller":"runtime/asm_amd64.s:1594","msg":"Successfully started sshd listener on port: 21893"}
{"level":"debug","time":"2023-01-02T23:52:32.260-0300","caller":"runtime/asm_amd64.s:1594","msg":"Successfully started sshd listener on port: 1356"}
{"level":"info","time":"2023-01-02T23:52:32.261-0300","caller":"runtime/asm_amd64.s:1594","msg":"You can start testing now"}
{"level":"info","time":"2023-01-02T23:52:32.261-0300","caller":"runtime/asm_amd64.s:1594","msg":"Tunnel ID: 2886707"}
{"level":"debug","time":"2023-01-02T23:52:32.261-0300","caller":"runtime/asm_amd64.s:1594","msg":"Remote Listener Started on Port 25020"}
{"level":"debug","time":"2023-01-02T23:52:32.281-0300","caller":"runtime/asm_amd64.s:1594","msg":"Successfully started sshd listener on port: 11607"}
{"level":"debug","time":"2023-01-02T23:52:32.402-0300","caller":"runtime/asm_amd64.s:1594","msg":"Successfully started sshd listener on port: 16178"}
{"level":"debug","time":"2023-01-02T23:52:32.421-0300","caller":"runtime/asm_amd64.s:1594","msg":"Successfully started sshd listener on port: 30970"}
{"level":"debug","time":"2023-01-02T23:52:47.785-0300","caller":"cobra@v1.1.1/command.go:854","msg":"main: received interrupt signal - attempting graceful shutdown ...."}
{"level":"debug","time":"2023-01-02T23:52:47.785-0300","caller":"cobra@v1.1.1/command.go:854","msg":"main: telling goroutines to stop"}
{"level":"debug","time":"2023-01-02T23:52:47.785-0300","caller":"runtime/asm_amd64.s:1594","msg":"Shutting down the server"}
{"level":"debug","time":"2023-01-02T23:52:47.785-0300","caller":"custom/setup.go:749","msg":"Exiting the sink proxy"}
{"level":"debug","time":"2023-01-02T23:52:47.785-0300","caller":"cmd/lt.go:211","msg":"Context cancelled"}
{"level":"info","time":"2023-01-02T23:52:47.785-0300","caller":"cmd/lt.go:211","msg":"Stopping tunnel"}
{"level":"debug","time":"2023-01-02T23:52:47.787-0300","caller":"runtime/asm_amd64.s:1594","msg":"Unusual close error on control channel..."}
{"level":"debug","time":"2023-01-02T23:52:47.787-0300","caller":"runtime/asm_amd64.s:1594","msg":"Write loop ended for control channel"}
