{"level":"info","time":"2023-01-02T23:46:56.715-0300","caller":"cobra@v1.1.1/command.go:854","msg":"LambdaTest Tunnel version: 3.1.25"}
{"level":"debug","time":"2023-01-02T23:46:56.733-0300","caller":"cmd/lt.go:211","msg":"Starting pipeline....."}
{"level":"debug","time":"2023-01-02T23:46:56.733-0300","caller":"cmd/lt.go:211","msg":"OS: windows, Arch: amd64"}
{"level":"debug","time":"2023-01-02T23:46:56.733-0300","caller":"cmd/lt.go:211","msg":"Fetching config"}
{"level":"debug","time":"2023-01-02T23:46:56.733-0300","caller":"runtime/asm_amd64.s:1594","msg":"Starting tunnel With flags: --user lewizmenon --key ***** --controller npm --infoAPIPort 62863 --tunnelName DESKTOP-95VB95K62863 --logFile DESKTOP-95VB95K62863.log --port 62864"}
{"level":"debug","time":"2023-01-02T23:46:57.210-0300","caller":"cmd/lt.go:211","msg":"Remote config fetched"}
{"level":"debug","time":"2023-01-02T23:46:57.325-0300","caller":"core/lifecycle.go:152","msg":"Starting API server"}
{"level":"debug","time":"2023-01-02T23:46:57.325-0300","caller":"runtime/asm_amd64.s:1594","msg":"Trying on port 22"}
{"level":"debug","time":"2023-01-02T23:46:57.325-0300","caller":"core/lifecycle.go:138","msg":"Starting sink proxy"}
{"level":"debug","time":"2023-01-02T23:46:57.325-0300","caller":"runtime/asm_amd64.s:1594","msg":"Trying on port 443"}
{"level":"debug","time":"2023-01-02T23:46:57.326-0300","caller":"apiserver/setup.go:173","msg":"Starting API server for tunnel info on port: 62863"}
{"level":"debug","time":"2023-01-02T23:46:57.326-0300","caller":"runtime/asm_amd64.s:1594","msg":"Trying over ssh over ws"}
{"level":"info","time":"2023-01-02T23:46:57.385-0300","caller":"custom/setup.go:749","msg":"Tunnel binary started on port :62864"}
{"level":"debug","time":"2023-01-02T23:46:57.769-0300","caller":"runtime/asm_amd64.s:1594","msg":"WSS connection was successful"}
{"level":"debug","time":"2023-01-02T23:46:58.889-0300","caller":"runtime/asm_amd64.s:1594","msg":"SSH connection over port 443 successful"}
{"level":"debug","time":"2023-01-02T23:46:59.146-0300","caller":"runtime/asm_amd64.s:1594","msg":"SSH connection over ws successful"}
{"level":"debug","time":"2023-01-02T23:46:59.212-0300","caller":"runtime/asm_amd64.s:1594","msg":"SSH connection over port 22 successful"}
{"level":"info","time":"2023-01-02T23:46:59.212-0300","caller":"core/lifecycle.go:115","msg":"Using ssh(over_22) :: connection mode"}
{"level":"info","time":"2023-01-02T23:46:59.212-0300","caller":"cmd/lt.go:211","msg":"Launching tunnel"}
{"level":"debug","time":"2023-01-02T23:46:59.212-0300","caller":"core/lifecycle.go:233","msg":"Starting control ws connection at wss://ts.lambdatest.com/monitor"}
{"level":"debug","time":"2023-01-02T23:46:59.715-0300","caller":"core/lifecycle.go:233","msg":"Control ws channel opened"}
{"level":"debug","time":"2023-01-02T23:46:59.715-0300","caller":"runtime/asm_amd64.s:1594","msg":"Starting message listener on control connection"}
{"level":"debug","time":"2023-01-02T23:46:59.742-0300","caller":"runtime/asm_amd64.s:1594","msg":"Sending tunnel registered message to channels"}
{"level":"debug","time":"2023-01-02T23:46:59.742-0300","caller":"runtime/asm_amd64.s:1594","msg":"Tunnel registered message received on control channel"}
{"level":"debug","time":"2023-01-02T23:46:59.742-0300","caller":"core/lifecycle.go:283","msg":"Using 5 ssh connection"}
{"level":"debug","time":"2023-01-02T23:46:59.742-0300","caller":"runtime/asm_amd64.s:1594","msg":"controller bus registered"}
{"level":"debug","time":"2023-01-02T23:47:01.623-0300","caller":"runtime/asm_amd64.s:1594","msg":"Successfully started sshd listener on port: 8405"}
{"level":"debug","time":"2023-01-02T23:47:01.686-0300","caller":"runtime/asm_amd64.s:1594","msg":"Successfully started sshd listener on port: 19243"}
{"level":"info","time":"2023-01-02T23:47:01.686-0300","caller":"runtime/asm_amd64.s:1594","msg":"You can start testing now"}
{"level":"info","time":"2023-01-02T23:47:01.686-0300","caller":"runtime/asm_amd64.s:1594","msg":"Tunnel ID: 2886692"}
{"level":"debug","time":"2023-01-02T23:47:01.686-0300","caller":"runtime/asm_amd64.s:1594","msg":"Remote Listener Started on Port 31695"}
{"level":"debug","time":"2023-01-02T23:47:01.703-0300","caller":"runtime/asm_amd64.s:1594","msg":"Successfully started sshd listener on port: 20666"}
{"level":"debug","time":"2023-01-02T23:47:01.710-0300","caller":"runtime/asm_amd64.s:1594","msg":"Successfully started sshd listener on port: 25340"}
{"level":"debug","time":"2023-01-02T23:47:01.710-0300","caller":"runtime/asm_amd64.s:1594","msg":"Successfully started sshd listener on port: 27899"}
{"level":"debug","time":"2023-01-02T23:47:38.043-0300","caller":"cmd/lt.go:211","msg":"Context cancelled"}
{"level":"debug","time":"2023-01-02T23:47:38.043-0300","caller":"runtime/asm_amd64.s:1594","msg":"Shutting down the server"}
{"level":"debug","time":"2023-01-02T23:47:38.043-0300","caller":"custom/setup.go:749","msg":"Exiting the sink proxy"}
{"level":"info","time":"2023-01-02T23:47:38.043-0300","caller":"cmd/lt.go:211","msg":"Stopping tunnel"}
{"level":"debug","time":"2023-01-02T23:47:38.043-0300","caller":"runtime/asm_amd64.s:1594","msg":"Unusual close error on control channel..."}
{"level":"debug","time":"2023-01-02T23:47:38.043-0300","caller":"runtime/asm_amd64.s:1594","msg":"Write loop ended for control channel"}
