{"level":"info","time":"2023-01-03T00:23:22.639-0300","caller":"cobra@v1.1.1/command.go:854","msg":"LambdaTest Tunnel version: 3.1.25"}
{"level":"debug","time":"2023-01-03T00:23:22.659-0300","caller":"cmd/lt.go:211","msg":"Starting pipeline....."}
{"level":"debug","time":"2023-01-03T00:23:22.659-0300","caller":"cmd/lt.go:211","msg":"OS: windows, Arch: amd64"}
{"level":"debug","time":"2023-01-03T00:23:22.659-0300","caller":"cmd/lt.go:211","msg":"Fetching config"}
{"level":"debug","time":"2023-01-03T00:23:22.659-0300","caller":"runtime/asm_amd64.s:1594","msg":"Starting tunnel With flags: --user lewizmenon --key ***** --controller npm --infoAPIPort 49390 --tunnelName DESKTOP-95VB95K49390 --logFile DESKTOP-95VB95K49390.log --port 49391"}
{"level":"debug","time":"2023-01-03T00:23:23.160-0300","caller":"cmd/lt.go:211","msg":"Remote config fetched"}
{"level":"debug","time":"2023-01-03T00:23:23.361-0300","caller":"core/lifecycle.go:152","msg":"Starting API server"}
{"level":"debug","time":"2023-01-03T00:23:23.361-0300","caller":"core/lifecycle.go:138","msg":"Starting sink proxy"}
{"level":"debug","time":"2023-01-03T00:23:23.361-0300","caller":"runtime/asm_amd64.s:1594","msg":"Trying on port 443"}
{"level":"debug","time":"2023-01-03T00:23:23.361-0300","caller":"runtime/asm_amd64.s:1594","msg":"Trying on port 22"}
{"level":"debug","time":"2023-01-03T00:23:23.361-0300","caller":"apiserver/setup.go:173","msg":"Starting API server for tunnel info on port: 49390"}
{"level":"debug","time":"2023-01-03T00:23:23.361-0300","caller":"runtime/asm_amd64.s:1594","msg":"Trying over ssh over ws"}
{"level":"info","time":"2023-01-03T00:23:23.421-0300","caller":"custom/setup.go:749","msg":"Tunnel binary started on port :49391"}
{"level":"debug","time":"2023-01-03T00:23:23.812-0300","caller":"runtime/asm_amd64.s:1594","msg":"WSS connection was successful"}
{"level":"debug","time":"2023-01-03T00:23:24.957-0300","caller":"runtime/asm_amd64.s:1594","msg":"SSH connection over port 443 successful"}
{"level":"debug","time":"2023-01-03T00:23:25.214-0300","caller":"runtime/asm_amd64.s:1594","msg":"SSH connection over ws successful"}
{"level":"debug","time":"2023-01-03T00:23:25.279-0300","caller":"runtime/asm_amd64.s:1594","msg":"SSH connection over port 22 successful"}
{"level":"info","time":"2023-01-03T00:23:25.279-0300","caller":"core/lifecycle.go:115","msg":"Using ssh(over_22) :: connection mode"}
{"level":"info","time":"2023-01-03T00:23:25.279-0300","caller":"cmd/lt.go:211","msg":"Launching tunnel"}
{"level":"debug","time":"2023-01-03T00:23:25.279-0300","caller":"core/lifecycle.go:233","msg":"Starting control ws connection at wss://ts.lambdatest.com/monitor"}
{"level":"debug","time":"2023-01-03T00:23:25.790-0300","caller":"core/lifecycle.go:233","msg":"Control ws channel opened"}
{"level":"debug","time":"2023-01-03T00:23:25.790-0300","caller":"runtime/asm_amd64.s:1594","msg":"Starting message listener on control connection"}
{"level":"debug","time":"2023-01-03T00:23:25.821-0300","caller":"runtime/asm_amd64.s:1594","msg":"Sending tunnel registered message to channels"}
{"level":"debug","time":"2023-01-03T00:23:25.821-0300","caller":"core/lifecycle.go:283","msg":"Using 5 ssh connection"}
{"level":"debug","time":"2023-01-03T00:23:25.821-0300","caller":"runtime/asm_amd64.s:1594","msg":"Tunnel registered message received on control channel"}
{"level":"debug","time":"2023-01-03T00:23:25.821-0300","caller":"runtime/asm_amd64.s:1594","msg":"controller bus registered"}
{"level":"debug","time":"2023-01-03T00:23:27.654-0300","caller":"runtime/asm_amd64.s:1594","msg":"Successfully started sshd listener on port: 10523"}
{"level":"debug","time":"2023-01-03T00:23:27.685-0300","caller":"runtime/asm_amd64.s:1594","msg":"Successfully started sshd listener on port: 18538"}
{"level":"info","time":"2023-01-03T00:23:27.685-0300","caller":"runtime/asm_amd64.s:1594","msg":"You can start testing now"}
{"level":"info","time":"2023-01-03T00:23:27.685-0300","caller":"runtime/asm_amd64.s:1594","msg":"Tunnel ID: 2886816"}
{"level":"debug","time":"2023-01-03T00:23:27.685-0300","caller":"runtime/asm_amd64.s:1594","msg":"Remote Listener Started on Port 16643"}
{"level":"debug","time":"2023-01-03T00:23:27.704-0300","caller":"runtime/asm_amd64.s:1594","msg":"Successfully started sshd listener on port: 27722"}
{"level":"debug","time":"2023-01-03T00:23:27.825-0300","caller":"runtime/asm_amd64.s:1594","msg":"Successfully started sshd listener on port: 14538"}
{"level":"debug","time":"2023-01-03T00:23:27.846-0300","caller":"runtime/asm_amd64.s:1594","msg":"Successfully started sshd listener on port: 25249"}
{"level":"debug","time":"2023-01-03T00:23:48.898-0300","caller":"cmd/lt.go:211","msg":"Context cancelled"}
{"level":"debug","time":"2023-01-03T00:23:48.898-0300","caller":"runtime/asm_amd64.s:1594","msg":"Shutting down the server"}
{"level":"info","time":"2023-01-03T00:23:48.898-0300","caller":"cmd/lt.go:211","msg":"Stopping tunnel"}
{"level":"debug","time":"2023-01-03T00:23:48.898-0300","caller":"custom/setup.go:749","msg":"Exiting the sink proxy"}
{"level":"debug","time":"2023-01-03T00:23:48.899-0300","caller":"runtime/asm_amd64.s:1594","msg":"Unusual close error on control channel..."}
{"level":"debug","time":"2023-01-03T00:23:48.899-0300","caller":"runtime/asm_amd64.s:1594","msg":"Write loop ended for control channel"}
