{"level":"info","time":"2023-01-02T23:55:37.131-0300","caller":"cobra@v1.1.1/command.go:854","msg":"LambdaTest Tunnel version: 3.1.25"}
{"level":"debug","time":"2023-01-02T23:55:37.162-0300","caller":"cmd/lt.go:211","msg":"Starting pipeline....."}
{"level":"debug","time":"2023-01-02T23:55:37.162-0300","caller":"cmd/lt.go:211","msg":"OS: windows, Arch: amd64"}
{"level":"debug","time":"2023-01-02T23:55:37.162-0300","caller":"cmd/lt.go:211","msg":"Fetching config"}
{"level":"debug","time":"2023-01-02T23:55:37.162-0300","caller":"runtime/asm_amd64.s:1594","msg":"Starting tunnel With flags: --user lewizmenon --key ***** --controller npm --infoAPIPort 63745 --tunnelName DESKTOP-95VB95K63745 --logFile DESKTOP-95VB95K63745.log --port 63746"}
{"level":"debug","time":"2023-01-02T23:55:37.642-0300","caller":"cmd/lt.go:211","msg":"Remote config fetched"}
{"level":"debug","time":"2023-01-02T23:55:37.723-0300","caller":"core/lifecycle.go:152","msg":"Starting API server"}
{"level":"debug","time":"2023-01-02T23:55:37.723-0300","caller":"runtime/asm_amd64.s:1594","msg":"Trying on port 22"}
{"level":"debug","time":"2023-01-02T23:55:37.723-0300","caller":"apiserver/setup.go:173","msg":"Starting API server for tunnel info on port: 63745"}
{"level":"debug","time":"2023-01-02T23:55:37.723-0300","caller":"core/lifecycle.go:138","msg":"Starting sink proxy"}
{"level":"debug","time":"2023-01-02T23:55:37.723-0300","caller":"runtime/asm_amd64.s:1594","msg":"Trying on port 443"}
{"level":"debug","time":"2023-01-02T23:55:37.723-0300","caller":"runtime/asm_amd64.s:1594","msg":"Trying over ssh over ws"}
{"level":"info","time":"2023-01-02T23:55:37.787-0300","caller":"custom/setup.go:749","msg":"Tunnel binary started on port :63746"}
{"level":"debug","time":"2023-01-02T23:55:38.155-0300","caller":"runtime/asm_amd64.s:1594","msg":"WSS connection was successful"}
{"level":"debug","time":"2023-01-02T23:55:39.260-0300","caller":"runtime/asm_amd64.s:1594","msg":"SSH connection over port 443 successful"}
{"level":"debug","time":"2023-01-02T23:55:39.483-0300","caller":"runtime/asm_amd64.s:1594","msg":"SSH connection over ws successful"}
{"level":"debug","time":"2023-01-02T23:55:39.513-0300","caller":"runtime/asm_amd64.s:1594","msg":"SSH connection over port 22 successful"}
{"level":"info","time":"2023-01-02T23:55:39.513-0300","caller":"core/lifecycle.go:115","msg":"Using ssh(over_22) :: connection mode"}
{"level":"info","time":"2023-01-02T23:55:39.513-0300","caller":"cmd/lt.go:211","msg":"Launching tunnel"}
{"level":"debug","time":"2023-01-02T23:55:39.513-0300","caller":"core/lifecycle.go:233","msg":"Starting control ws connection at wss://ts.lambdatest.com/monitor"}
{"level":"debug","time":"2023-01-02T23:55:40.023-0300","caller":"core/lifecycle.go:233","msg":"Control ws channel opened"}
{"level":"debug","time":"2023-01-02T23:55:40.023-0300","caller":"runtime/asm_amd64.s:1594","msg":"Starting message listener on control connection"}
{"level":"debug","time":"2023-01-02T23:55:40.032-0300","caller":"runtime/asm_amd64.s:1594","msg":"Sending tunnel registered message to channels"}
{"level":"debug","time":"2023-01-02T23:55:40.032-0300","caller":"runtime/asm_amd64.s:1594","msg":"Tunnel registered message received on control channel"}
{"level":"debug","time":"2023-01-02T23:55:40.032-0300","caller":"runtime/asm_amd64.s:1594","msg":"controller bus registered"}
{"level":"debug","time":"2023-01-02T23:55:40.032-0300","caller":"core/lifecycle.go:283","msg":"Using 5 ssh connection"}
{"level":"debug","time":"2023-01-02T23:55:41.873-0300","caller":"runtime/asm_amd64.s:1594","msg":"Successfully started sshd listener on port: 22857"}
{"level":"debug","time":"2023-01-02T23:55:41.920-0300","caller":"runtime/asm_amd64.s:1594","msg":"Successfully started sshd listener on port: 29447"}
{"level":"info","time":"2023-01-02T23:55:41.920-0300","caller":"runtime/asm_amd64.s:1594","msg":"You can start testing now"}
{"level":"info","time":"2023-01-02T23:55:41.920-0300","caller":"runtime/asm_amd64.s:1594","msg":"Tunnel ID: 2886720"}
{"level":"debug","time":"2023-01-02T23:55:41.920-0300","caller":"runtime/asm_amd64.s:1594","msg":"Remote Listener Started on Port 24795"}
{"level":"debug","time":"2023-01-02T23:55:41.940-0300","caller":"runtime/asm_amd64.s:1594","msg":"Successfully started sshd listener on port: 12340"}
{"level":"debug","time":"2023-01-02T23:55:41.970-0300","caller":"runtime/asm_amd64.s:1594","msg":"Successfully started sshd listener on port: 29368"}
{"level":"debug","time":"2023-01-02T23:55:41.970-0300","caller":"runtime/asm_amd64.s:1594","msg":"Successfully started sshd listener on port: 12158"}
{"level":"debug","time":"2023-01-02T23:56:02.719-0300","caller":"cmd/lt.go:211","msg":"Context cancelled"}
{"level":"debug","time":"2023-01-02T23:56:02.719-0300","caller":"runtime/asm_amd64.s:1594","msg":"Shutting down the server"}
{"level":"info","time":"2023-01-02T23:56:02.719-0300","caller":"cmd/lt.go:211","msg":"Stopping tunnel"}
{"level":"debug","time":"2023-01-02T23:56:02.720-0300","caller":"custom/setup.go:749","msg":"Exiting the sink proxy"}
{"level":"debug","time":"2023-01-02T23:56:02.720-0300","caller":"runtime/asm_amd64.s:1594","msg":"Unusual close error on control channel..."}
{"level":"debug","time":"2023-01-02T23:56:02.720-0300","caller":"runtime/asm_amd64.s:1594","msg":"Write loop ended for control channel"}
